# JRE version: Java(TM) SE Runtime Environment (20.0.1+9) (build 20.0.1+9-29)
# Java VM: Java HotSpot(TM) 64-Bit Server VM (20.0.1+9-29, mixed mode, sharing, tiered, compressed oops, compressed class ptrs, g1 gc, windows-amd64)
GC Precious Log:
 CardTable entry size: 512
 Card Set container configuration: InlinePtr #cards 4 size 8 Array Of Cards #cards 32 size 80 Howl #buckets 8 coarsen threshold 7372 Howl Bitmap #cards 1024 size 144 coarsen threshold 921 Card regions per heap region 1 cards per card region 8192
 CPUs: 16 total, 16 available
 Memory: 32686M
 Large Page Support: Disabled
 NUMA Support: Disabled
 Compressed Oops: Enabled (Zero based)
 Heap Region Size: 4M
 Heap Min Capacity: 8M
 Heap Initial Capacity: 512M
 Heap Max Capacity: 8172M
 Pre-touch: Disabled
 Parallel Workers: 13
 Concurrent Workers: 3
 Concurrent Refinement Workers: 13
 Periodic GC: Disabled
Heap:
 garbage-first heap   total 102400K, used 75990K [0x0000000601400000, 0x0000000800000000)
  region size 4096K, 12 young (49152K), 2 survivors (8192K)
 Metaspace       used 46111K, committed 46912K, reserved 1114112K
  class space    used 5560K, committed 5952K, reserved 1048576K
GC Heap History (12 events):
Event: 0.269 GC heap before
{Heap before GC invocations=0 (full 0):
 garbage-first heap   total 524288K, used 24576K [0x0000000601400000, 0x0000000800000000)
  region size 4096K, 6 young (24576K), 0 survivors (0K)
 Metaspace       used 5870K, committed 5952K, reserved 1114112K
  class space    used 535K, committed 576K, reserved 1048576K
}
Event: 0.271 GC heap after
{Heap after GC invocations=1 (full 0):
 garbage-first heap   total 524288K, used 7400K [0x0000000601400000, 0x0000000800000000)
  region size 4096K, 1 young (4096K), 1 survivors (4096K)
 Metaspace       used 5870K, committed 5952K, reserved 1114112K
  class space    used 535K, committed 576K, reserved 1048576K
}
Event: 0.656 GC heap before
{Heap before GC invocations=1 (full 0):
 garbage-first heap   total 524288K, used 40168K [0x0000000601400000, 0x0000000800000000)
  region size 4096K, 9 young (36864K), 1 survivors (4096K)
 Metaspace       used 13459K, committed 13568K, reserved 1114112K
  class space    used 1490K, committed 1536K, reserved 1048576K
}
Event: 0.660 GC heap after
{Heap after GC invocations=2 (full 0):
 garbage-first heap   total 524288K, used 10908K [0x0000000601400000, 0x0000000800000000)
  region size 4096K, 2 young (8192K), 2 survivors (8192K)
 Metaspace       used 13459K, committed 13568K, reserved 1114112K
  class space    used 1490K, committed 1536K, reserved 1048576K
}
Event: 0.969 GC heap before
{Heap before GC invocations=2 (full 0):
 garbage-first heap   total 524288K, used 43676K [0x0000000601400000, 0x0000000800000000)
  region size 4096K, 10 young (40960K), 2 survivors (8192K)
 Metaspace       used 21326K, committed 21504K, reserved 1114112K
  class space    used 2546K, committed 2624K, reserved 1048576K
}
Event: 0.973 GC heap after
{Heap after GC invocations=3 (full 0):
 garbage-first heap   total 524288K, used 17545K [0x0000000601400000, 0x0000000800000000)
  region size 4096K, 3 young (12288K), 3 survivors (12288K)
 Metaspace       used 21326K, committed 21504K, reserved 1114112K
  class space    used 2546K, committed 2624K, reserved 1048576K
}
Event: 1.518 GC heap before
{Heap before GC invocations=4 (full 0):
 garbage-first heap   total 81920K, used 78985K [0x0000000601400000, 0x0000000800000000)
  region size 4096K, 18 young (73728K), 3 survivors (12288K)
 Metaspace       used 31569K, committed 31872K, reserved 1114112K
  class space    used 3957K, committed 4096K, reserved 1048576K
}
Event: 1.525 GC heap after
{Heap after GC invocations=5 (full 0):
 garbage-first heap   total 102400K, used 26166K [0x0000000601400000, 0x0000000800000000)
  region size 4096K, 5 young (20480K), 5 survivors (20480K)
 Metaspace       used 31569K, committed 31872K, reserved 1114112K
  class space    used 3957K, committed 4096K, reserved 1048576K
}
Event: 1.824 GC heap before
{Heap before GC invocations=5 (full 0):
 garbage-first heap   total 102400K, used 54838K [0x0000000601400000, 0x0000000800000000)
  region size 4096K, 13 young (53248K), 5 survivors (20480K)
 Metaspace       used 35354K, committed 36096K, reserved 1114112K
  class space    used 4479K, committed 4864K, reserved 1048576K
}
Event: 1.835 GC heap after
{Heap after GC invocations=6 (full 0):
 garbage-first heap   total 102400K, used 29900K [0x0000000601400000, 0x0000000800000000)
  region size 4096K, 1 young (4096K), 1 survivors (4096K)
 Metaspace       used 35354K, committed 36096K, reserved 1114112K
  class space    used 4479K, committed 4864K, reserved 1048576K
}
Event: 2.372 GC heap before
{Heap before GC invocations=7 (full 0):
 garbage-first heap   total 102400K, used 74956K [0x0000000601400000, 0x0000000800000000)
  region size 4096K, 13 young (53248K), 1 survivors (4096K)
 Metaspace       used 42506K, committed 43328K, reserved 1114112K
  class space    used 5222K, committed 5632K, reserved 1048576K
}
Event: 2.378 GC heap after
{Heap after GC invocations=8 (full 0):
 garbage-first heap   total 102400K, used 39126K [0x0000000601400000, 0x0000000800000000)
  region size 4096K, 2 young (8192K), 2 survivors (8192K)
 Metaspace       used 42506K, committed 43328K, reserved 1114112K
  class space    used 5222K, committed 5632K, reserved 1048576K
}

