<?xml version="1.0" encoding="UTF-8"?>
<coverage generated="1685294290109" clover="3.2.0">
  <project timestamp="1685294290109" name="All files">
    <metrics statements="64" coveredstatements="49" conditionals="46" coveredconditionals="31" methods="22" coveredmethods="14" elements="132" coveredelements="94" complexity="0" loc="64" ncloc="64" packages="6" files="6" classes="6"/>
    <package name="css.add.home">
      <metrics statements="1" coveredstatements="1" conditionals="0" coveredconditionals="0" methods="0" coveredmethods="0"/>
      <file name="Style.tsx" path="C:\Users\pdkainth\Documents\College_Work\ECS_193A\Tread_Mobile\css\add\home\Style.tsx">
        <metrics statements="1" coveredstatements="1" conditionals="0" coveredconditionals="0" methods="0" coveredmethods="0"/>
        <line num="3" count="1" type="stmt"/>
      </file>
    </package>
    <package name="css.login">
      <metrics statements="1" coveredstatements="1" conditionals="2" coveredconditionals="1" methods="0" coveredmethods="0"/>
      <file name="Style.tsx" path="C:\Users\pdkainth\Documents\College_Work\ECS_193A\Tread_Mobile\css\login\Style.tsx">
        <metrics statements="1" coveredstatements="1" conditionals="2" coveredconditionals="1" methods="0" coveredmethods="0"/>
        <line num="3" count="1" type="stmt"/>
      </file>
    </package>
    <package name="css.shared">
      <metrics statements="1" coveredstatements="1" conditionals="0" coveredconditionals="0" methods="0" coveredmethods="0"/>
      <file name="InputFormStyle.tsx" path="C:\Users\pdkainth\Documents\College_Work\ECS_193A\Tread_Mobile\css\shared\InputFormStyle.tsx">
        <metrics statements="1" coveredstatements="1" conditionals="0" coveredconditionals="0" methods="0" coveredmethods="0"/>
        <line num="3" count="1" type="stmt"/>
      </file>
    </package>
    <package name="testComps.add">
      <metrics statements="1" coveredstatements="1" conditionals="0" coveredconditionals="0" methods="1" coveredmethods="1"/>
      <file name="addButton.js" path="C:\Users\pdkainth\Documents\College_Work\ECS_193A\Tread_Mobile\testComps\add\addButton.js">
        <metrics statements="1" coveredstatements="1" conditionals="0" coveredconditionals="0" methods="1" coveredmethods="1"/>
        <line num="12" count="2" type="stmt"/>
      </file>
    </package>
    <package name="testComps.login">
      <metrics statements="35" coveredstatements="23" conditionals="20" coveredconditionals="11" methods="17" coveredmethods="9"/>
      <file name="loginButton.js" path="C:\Users\pdkainth\Documents\College_Work\ECS_193A\Tread_Mobile\testComps\login\loginButton.js">
        <metrics statements="35" coveredstatements="23" conditionals="20" coveredconditionals="11" methods="17" coveredmethods="9"/>
        <line num="20" count="3" type="stmt"/>
        <line num="22" count="3" type="stmt"/>
        <line num="23" count="3" type="stmt"/>
        <line num="24" count="3" type="cond" truecount="1" falsecount="1"/>
        <line num="25" count="3" type="cond" truecount="2" falsecount="0"/>
        <line num="26" count="1" type="stmt"/>
        <line num="27" count="1" type="stmt"/>
        <line num="30" count="0" type="stmt"/>
        <line num="35" count="3" type="stmt"/>
        <line num="36" count="0" type="cond" truecount="0" falsecount="2"/>
        <line num="37" count="0" type="stmt"/>
        <line num="38" count="0" type="stmt"/>
        <line num="42" count="3" type="stmt"/>
        <line num="43" count="1" type="stmt"/>
        <line num="50" count="3" type="stmt"/>
        <line num="51" count="0" type="stmt"/>
        <line num="52" count="0" type="cond" truecount="0" falsecount="2"/>
        <line num="53" count="0" type="stmt"/>
        <line num="54" count="0" type="stmt"/>
        <line num="56" count="0" type="stmt"/>
        <line num="60" count="0" type="stmt"/>
        <line num="64" count="3" type="stmt"/>
        <line num="65" count="1" type="stmt"/>
        <line num="66" count="1" type="cond" truecount="1" falsecount="1"/>
        <line num="67" count="1" type="stmt"/>
        <line num="68" count="1" type="stmt"/>
        <line num="70" count="0" type="stmt"/>
        <line num="74" count="0" type="stmt"/>
        <line num="78" count="3" type="stmt"/>
        <line num="79" count="1" type="stmt"/>
        <line num="82" count="3" type="stmt"/>
        <line num="84" count="1" type="stmt"/>
        <line num="85" count="1" type="cond" truecount="1" falsecount="1"/>
        <line num="86" count="1" type="cond" truecount="1" falsecount="1"/>
        <line num="99" count="3" type="stmt"/>
      </file>
    </package>
    <package name="testComps.shared">
      <metrics statements="25" coveredstatements="22" conditionals="24" coveredconditionals="19" methods="4" coveredmethods="4"/>
      <file name="InputForm.js" path="C:\Users\pdkainth\Documents\College_Work\ECS_193A\Tread_Mobile\testComps\shared\InputForm.js">
        <metrics statements="25" coveredstatements="22" conditionals="24" coveredconditionals="19" methods="4" coveredmethods="4"/>
        <line num="7" count="28" type="stmt"/>
        <line num="9" count="28" type="stmt"/>
        <line num="10" count="19" type="cond" truecount="2" falsecount="0"/>
        <line num="11" count="11" type="cond" truecount="2" falsecount="0"/>
        <line num="12" count="1" type="stmt"/>
        <line num="14" count="10" type="stmt"/>
        <line num="17" count="8" type="cond" truecount="2" falsecount="0"/>
        <line num="18" count="2" type="cond" truecount="1" falsecount="1"/>
        <line num="19" count="0" type="stmt"/>
        <line num="21" count="2" type="stmt"/>
        <line num="24" count="6" type="cond" truecount="1" falsecount="1"/>
        <line num="25" count="0" type="stmt"/>
        <line num="27" count="6" type="stmt"/>
        <line num="32" count="28" type="stmt"/>
        <line num="33" count="5" type="cond" truecount="2" falsecount="0"/>
        <line num="34" count="1" type="stmt"/>
        <line num="37" count="4" type="cond" truecount="4" falsecount="0"/>
        <line num="38" count="1" type="stmt"/>
        <line num="41" count="3" type="cond" truecount="2" falsecount="2"/>
        <line num="42" count="0" type="stmt"/>
        <line num="45" count="3" type="stmt"/>
        <line num="48" count="28" type="stmt"/>
        <line num="50" count="5" type="stmt"/>
        <line num="51" count="5" type="stmt"/>
        <line num="54" count="28" type="stmt"/>
      </file>
    </package>
  </project>
</coverage>
