{"C:\\Users\\pdkainth\\Documents\\College_work\\ECS193A\\Tread_Mobile\\assets\\logorenderflipped.png": {"path":"C:\\Users\\pdkainth\\Documents\\College_work\\ECS193A\\Tread_Mobile\\assets\\logorenderflipped.png","statementMap":{"0":{"start":{"line":1,"column":0},"end":{"line":4,"column":6}}},"fnMap":{},"branchMap":{},"s":{"0":2},"f":{},"b":{},"_coverageSchema":"1a1c01bbd47fc00a2c39e90264f33305004495a9","hash":"54c12cc09d1d584e77edbc200f7414228ca55080"}
,"C:\\Users\\pdkainth\\Documents\\College_work\\ECS193A\\Tread_Mobile\\css\\add\\home\\Style.tsx": {"path":"C:\\Users\\pdkainth\\Documents\\College_work\\ECS193A\\Tread_Mobile\\css\\add\\home\\Style.tsx","statementMap":{"0":{"start":{"line":3,"column":15},"end":{"line":94,"column":2}}},"fnMap":{},"branchMap":{},"s":{"0":2},"f":{},"b":{},"_coverageSchema":"1a1c01bbd47fc00a2c39e90264f33305004495a9","hash":"0fd404ce92db2db52d9b98eaea000d050528c647"}
,"C:\\Users\\pdkainth\\Documents\\College_work\\ECS193A\\Tread_Mobile\\css\\login\\Style.tsx": {"path":"C:\\Users\\pdkainth\\Documents\\College_work\\ECS193A\\Tread_Mobile\\css\\login\\Style.tsx","statementMap":{"0":{"start":{"line":3,"column":20},"end":{"line":134,"column":2}}},"fnMap":{},"branchMap":{"0":{"loc":{"start":{"line":5,"column":15},"end":{"line":5,"column":50}},"type":"cond-expr","locations":[{"start":{"line":5,"column":41},"end":{"line":5,"column":46}},{"start":{"line":5,"column":49},"end":{"line":5,"column":50}}],"line":5}},"s":{"0":3},"f":{},"b":{"0":[3,0]},"_coverageSchema":"1a1c01bbd47fc00a2c39e90264f33305004495a9","hash":"bb1a74f6114dc86a1ec31d3eb3638662cc921c3d"}
,"C:\\Users\\pdkainth\\Documents\\College_work\\ECS193A\\Tread_Mobile\\css\\shared\\ImageUploadStyle.tsx": {"path":"C:\\Users\\pdkainth\\Documents\\College_work\\ECS193A\\Tread_Mobile\\css\\shared\\ImageUploadStyle.tsx","statementMap":{"0":{"start":{"line":3,"column":26},"end":{"line":52,"column":2}}},"fnMap":{},"branchMap":{},"s":{"0":2},"f":{},"b":{},"_coverageSchema":"1a1c01bbd47fc00a2c39e90264f33305004495a9","hash":"04e721b03f65e284707254003c799101d4f7c891"}
,"C:\\Users\\pdkainth\\Documents\\College_work\\ECS193A\\Tread_Mobile\\css\\shared\\InputFormStyle.tsx": {"path":"C:\\Users\\pdkainth\\Documents\\College_work\\ECS193A\\Tread_Mobile\\css\\shared\\InputFormStyle.tsx","statementMap":{"0":{"start":{"line":3,"column":23},"end":{"line":72,"column":2}}},"fnMap":{},"branchMap":{},"s":{"0":2},"f":{},"b":{},"_coverageSchema":"1a1c01bbd47fc00a2c39e90264f33305004495a9","hash":"0fb7eecbc6195e43342a992428c16db99464e923"}
,"C:\\Users\\pdkainth\\Documents\\College_work\\ECS193A\\Tread_Mobile\\css\\signup\\Style.tsx": {"path":"C:\\Users\\pdkainth\\Documents\\College_work\\ECS193A\\Tread_Mobile\\css\\signup\\Style.tsx","statementMap":{"0":{"start":{"line":3,"column":15},"end":{"line":102,"column":2}}},"fnMap":{},"branchMap":{},"s":{"0":1},"f":{},"b":{},"_coverageSchema":"1a1c01bbd47fc00a2c39e90264f33305004495a9","hash":"27f260d1f923b51f7dbc7385ecf5246f6a2074c9"}
,"C:\\Users\\pdkainth\\Documents\\College_work\\ECS193A\\Tread_Mobile\\testComps\\add\\addButton.js": {"path":"C:\\Users\\pdkainth\\Documents\\College_work\\ECS193A\\Tread_Mobile\\testComps\\add\\addButton.js","statementMap":{"0":{"start":{"line":12,"column":1},"end":{"line":37,"column":2}}},"fnMap":{"0":{"name":"AddButton","decl":{"start":{"line":11,"column":9},"end":{"line":11,"column":18}},"loc":{"start":{"line":11,"column":60},"end":{"line":38,"column":1}},"line":11}},"branchMap":{},"s":{"0":5},"f":{"0":5},"b":{},"_coverageSchema":"1a1c01bbd47fc00a2c39e90264f33305004495a9","hash":"da063348493429ed434853b9f9c46b4a672f7821"}
,"C:\\Users\\pdkainth\\Documents\\College_work\\ECS193A\\Tread_Mobile\\testComps\\login\\loginButton.js": {"path":"C:\\Users\\pdkainth\\Documents\\College_work\\ECS193A\\Tread_Mobile\\testComps\\login\\loginButton.js","statementMap":{"0":{"start":{"line":20,"column":38},"end":{"line":20,"column":52}},"1":{"start":{"line":22,"column":4},"end":{"line":33,"column":6}},"2":{"start":{"line":23,"column":8},"end":{"line":32,"column":10}},"3":{"start":{"line":24,"column":12},"end":{"line":31,"column":13}},"4":{"start":{"line":25,"column":16},"end":{"line":28,"column":17}},"5":{"start":{"line":26,"column":20},"end":{"line":26,"column":44}},"6":{"start":{"line":27,"column":20},"end":{"line":27,"column":43}},"7":{"start":{"line":30,"column":16},"end":{"line":30,"column":35}},"8":{"start":{"line":35,"column":25},"end":{"line":40,"column":5}},"9":{"start":{"line":36,"column":8},"end":{"line":39,"column":9}},"10":{"start":{"line":37,"column":12},"end":{"line":37,"column":36}},"11":{"start":{"line":38,"column":12},"end":{"line":38,"column":27}},"12":{"start":{"line":42,"column":34},"end":{"line":48,"column":5}},"13":{"start":{"line":43,"column":8},"end":{"line":47,"column":11}},"14":{"start":{"line":50,"column":25},"end":{"line":62,"column":5}},"15":{"start":{"line":51,"column":8},"end":{"line":61,"column":10}},"16":{"start":{"line":52,"column":12},"end":{"line":58,"column":13}},"17":{"start":{"line":53,"column":16},"end":{"line":57,"column":18}},"18":{"start":{"line":54,"column":20},"end":{"line":54,"column":101}},"19":{"start":{"line":56,"column":20},"end":{"line":56,"column":68}},"20":{"start":{"line":60,"column":12},"end":{"line":60,"column":60}},"21":{"start":{"line":64,"column":33},"end":{"line":76,"column":5}},"22":{"start":{"line":65,"column":8},"end":{"line":75,"column":10}},"23":{"start":{"line":66,"column":12},"end":{"line":72,"column":13}},"24":{"start":{"line":67,"column":16},"end":{"line":71,"column":18}},"25":{"start":{"line":68,"column":20},"end":{"line":68,"column":28}},"26":{"start":{"line":70,"column":20},"end":{"line":70,"column":68}},"27":{"start":{"line":74,"column":12},"end":{"line":74,"column":60}},"28":{"start":{"line":78,"column":24},"end":{"line":80,"column":5}},"29":{"start":{"line":79,"column":8},"end":{"line":79,"column":17}},"30":{"start":{"line":82,"column":19},"end":{"line":96,"column":5}},"31":{"start":{"line":84,"column":29},"end":{"line":84,"column":42}},"32":{"start":{"line":85,"column":8},"end":{"line":95,"column":9}},"33":{"start":{"line":86,"column":12},"end":{"line":94,"column":13}},"34":{"start":{"line":99,"column":4},"end":{"line":108,"column":5}}},"fnMap":{"0":{"name":"LoginButton","decl":{"start":{"line":18,"column":9},"end":{"line":18,"column":20}},"loc":{"start":{"line":18,"column":67},"end":{"line":109,"column":1}},"line":18},"1":{"name":"(anonymous_1)","decl":{"start":{"line":22,"column":14},"end":{"line":22,"column":15}},"loc":{"start":{"line":22,"column":20},"end":{"line":33,"column":5}},"line":22},"2":{"name":"(anonymous_2)","decl":{"start":{"line":23,"column":39},"end":{"line":23,"column":40}},"loc":{"start":{"line":23,"column":53},"end":{"line":32,"column":9}},"line":23},"3":{"name":"(anonymous_3)","decl":{"start":{"line":35,"column":25},"end":{"line":35,"column":26}},"loc":{"start":{"line":35,"column":37},"end":{"line":40,"column":5}},"line":35},"4":{"name":"(anonymous_4)","decl":{"start":{"line":42,"column":34},"end":{"line":42,"column":35}},"loc":{"start":{"line":42,"column":45},"end":{"line":48,"column":5}},"line":42},"5":{"name":"(anonymous_5)","decl":{"start":{"line":50,"column":25},"end":{"line":50,"column":26}},"loc":{"start":{"line":50,"column":37},"end":{"line":62,"column":5}},"line":50},"6":{"name":"(anonymous_6)","decl":{"start":{"line":51,"column":44},"end":{"line":51,"column":45}},"loc":{"start":{"line":51,"column":64},"end":{"line":59,"column":9}},"line":51},"7":{"name":"(anonymous_7)","decl":{"start":{"line":53,"column":43},"end":{"line":53,"column":44}},"loc":{"start":{"line":53,"column":57},"end":{"line":55,"column":17}},"line":53},"8":{"name":"(anonymous_8)","decl":{"start":{"line":55,"column":25},"end":{"line":55,"column":26}},"loc":{"start":{"line":55,"column":32},"end":{"line":57,"column":17}},"line":55},"9":{"name":"(anonymous_9)","decl":{"start":{"line":59,"column":17},"end":{"line":59,"column":18}},"loc":{"start":{"line":59,"column":24},"end":{"line":61,"column":9}},"line":59},"10":{"name":"(anonymous_10)","decl":{"start":{"line":64,"column":33},"end":{"line":64,"column":34}},"loc":{"start":{"line":64,"column":45},"end":{"line":76,"column":5}},"line":64},"11":{"name":"(anonymous_11)","decl":{"start":{"line":65,"column":44},"end":{"line":65,"column":45}},"loc":{"start":{"line":65,"column":64},"end":{"line":73,"column":9}},"line":65},"12":{"name":"(anonymous_12)","decl":{"start":{"line":67,"column":51},"end":{"line":67,"column":52}},"loc":{"start":{"line":67,"column":65},"end":{"line":69,"column":17}},"line":67},"13":{"name":"(anonymous_13)","decl":{"start":{"line":69,"column":25},"end":{"line":69,"column":26}},"loc":{"start":{"line":69,"column":32},"end":{"line":71,"column":17}},"line":69},"14":{"name":"(anonymous_14)","decl":{"start":{"line":73,"column":17},"end":{"line":73,"column":18}},"loc":{"start":{"line":73,"column":24},"end":{"line":75,"column":9}},"line":73},"15":{"name":"(anonymous_15)","decl":{"start":{"line":78,"column":24},"end":{"line":78,"column":25}},"loc":{"start":{"line":78,"column":35},"end":{"line":80,"column":5}},"line":78},"16":{"name":"(anonymous_16)","decl":{"start":{"line":82,"column":19},"end":{"line":82,"column":20}},"loc":{"start":{"line":82,"column":25},"end":{"line":96,"column":5}},"line":82}},"branchMap":{"0":{"loc":{"start":{"line":24,"column":12},"end":{"line":31,"column":13}},"type":"if","locations":[{"start":{"line":24,"column":12},"end":{"line":31,"column":13}},{"start":{"line":29,"column":19},"end":{"line":31,"column":13}}],"line":24},"1":{"loc":{"start":{"line":25,"column":16},"end":{"line":28,"column":17}},"type":"if","locations":[{"start":{"line":25,"column":16},"end":{"line":28,"column":17}},{"start":{},"end":{}}],"line":25},"2":{"loc":{"start":{"line":36,"column":8},"end":{"line":39,"column":9}},"type":"if","locations":[{"start":{"line":36,"column":8},"end":{"line":39,"column":9}},{"start":{},"end":{}}],"line":36},"3":{"loc":{"start":{"line":52,"column":12},"end":{"line":58,"column":13}},"type":"if","locations":[{"start":{"line":52,"column":12},"end":{"line":58,"column":13}},{"start":{},"end":{}}],"line":52},"4":{"loc":{"start":{"line":66,"column":12},"end":{"line":72,"column":13}},"type":"if","locations":[{"start":{"line":66,"column":12},"end":{"line":72,"column":13}},{"start":{},"end":{}}],"line":66},"5":{"loc":{"start":{"line":85,"column":8},"end":{"line":95,"column":9}},"type":"if","locations":[{"start":{"line":85,"column":8},"end":{"line":95,"column":9}},{"start":{},"end":{}}],"line":85},"6":{"loc":{"start":{"line":86,"column":12},"end":{"line":94,"column":13}},"type":"if","locations":[{"start":{"line":86,"column":12},"end":{"line":94,"column":13}},{"start":{"line":90,"column":19},"end":{"line":94,"column":13}}],"line":86},"7":{"loc":{"start":{"line":101,"column":21},"end":{"line":101,"column":80}},"type":"cond-expr","locations":[{"start":{"line":101,"column":30},"end":{"line":101,"column":53}},{"start":{"line":101,"column":56},"end":{"line":101,"column":80}}],"line":101},"8":{"loc":{"start":{"line":103,"column":29},"end":{"line":103,"column":60}},"type":"cond-expr","locations":[{"start":{"line":103,"column":39},"end":{"line":103,"column":48}},{"start":{"line":103,"column":51},"end":{"line":103,"column":60}}],"line":103},"9":{"loc":{"start":{"line":106,"column":25},"end":{"line":106,"column":92}},"type":"cond-expr","locations":[{"start":{"line":106,"column":34},"end":{"line":106,"column":61}},{"start":{"line":106,"column":64},"end":{"line":106,"column":92}}],"line":106}},"s":{"0":3,"1":3,"2":3,"3":3,"4":3,"5":1,"6":1,"7":0,"8":3,"9":0,"10":0,"11":0,"12":3,"13":1,"14":3,"15":0,"16":0,"17":0,"18":0,"19":0,"20":0,"21":3,"22":1,"23":1,"24":1,"25":1,"26":0,"27":0,"28":3,"29":1,"30":3,"31":1,"32":1,"33":1,"34":3},"f":{"0":3,"1":3,"2":3,"3":0,"4":1,"5":0,"6":0,"7":0,"8":0,"9":0,"10":1,"11":1,"12":1,"13":0,"14":0,"15":1,"16":1},"b":{"0":[3,0],"1":[1,2],"2":[0,0],"3":[0,0],"4":[1,0],"5":[1,0],"6":[0,1],"7":[1,2],"8":[0,3],"9":[1,2]},"_coverageSchema":"1a1c01bbd47fc00a2c39e90264f33305004495a9","hash":"fb21268b519251ed57dc130bee69e3c2283f5aa8"}
,"C:\\Users\\pdkainth\\Documents\\College_work\\ECS193A\\Tread_Mobile\\testComps\\shared\\ImageUpload.js": {"path":"C:\\Users\\pdkainth\\Documents\\College_work\\ECS193A\\Tread_Mobile\\testComps\\shared\\ImageUpload.js","statementMap":{"0":{"start":{"line":6,"column":28},"end":{"line":6,"column":46}},"1":{"start":{"line":8,"column":2},"end":{"line":16,"column":7}},"2":{"start":{"line":9,"column":4},"end":{"line":15,"column":5}},"3":{"start":{"line":20,"column":2},"end":{"line":40,"column":3}}},"fnMap":{"0":{"name":"ImageUpload","decl":{"start":{"line":5,"column":9},"end":{"line":5,"column":20}},"loc":{"start":{"line":5,"column":28},"end":{"line":41,"column":1}},"line":5},"1":{"name":"(anonymous_1)","decl":{"start":{"line":8,"column":12},"end":{"line":8,"column":13}},"loc":{"start":{"line":8,"column":18},"end":{"line":16,"column":3}},"line":8}},"branchMap":{"0":{"loc":{"start":{"line":12,"column":22},"end":{"line":12,"column":99}},"type":"cond-expr","locations":[{"start":{"line":12,"column":66},"end":{"line":12,"column":83}},{"start":{"line":12,"column":86},"end":{"line":12,"column":99}}],"line":12}},"s":{"0":10,"1":10,"2":5,"3":10},"f":{"0":10,"1":5},"b":{"0":[3,2]},"_coverageSchema":"1a1c01bbd47fc00a2c39e90264f33305004495a9","hash":"c08d44821fdbd9d1d2abc7a4f185549123231ce0"}
,"C:\\Users\\pdkainth\\Documents\\College_work\\ECS193A\\Tread_Mobile\\testComps\\shared\\InputForm.js": {"path":"C:\\Users\\pdkainth\\Documents\\College_work\\ECS193A\\Tread_Mobile\\testComps\\shared\\InputForm.js","statementMap":{"0":{"start":{"line":7,"column":34},"end":{"line":7,"column":68}},"1":{"start":{"line":9,"column":2},"end":{"line":31,"column":4}},"2":{"start":{"line":10,"column":4},"end":{"line":30,"column":5}},"3":{"start":{"line":11,"column":6},"end":{"line":15,"column":7}},"4":{"start":{"line":12,"column":8},"end":{"line":12,"column":45}},"5":{"start":{"line":14,"column":8},"end":{"line":14,"column":45}},"6":{"start":{"line":17,"column":6},"end":{"line":29,"column":7}},"7":{"start":{"line":18,"column":8},"end":{"line":22,"column":9}},"8":{"start":{"line":19,"column":10},"end":{"line":19,"column":52}},"9":{"start":{"line":21,"column":10},"end":{"line":21,"column":52}},"10":{"start":{"line":24,"column":8},"end":{"line":28,"column":9}},"11":{"start":{"line":25,"column":10},"end":{"line":25,"column":54}},"12":{"start":{"line":27,"column":10},"end":{"line":27,"column":54}},"13":{"start":{"line":32,"column":18},"end":{"line":46,"column":3}},"14":{"start":{"line":33,"column":4},"end":{"line":35,"column":5}},"15":{"start":{"line":34,"column":6},"end":{"line":34,"column":18}},"16":{"start":{"line":37,"column":4},"end":{"line":39,"column":5}},"17":{"start":{"line":38,"column":6},"end":{"line":38,"column":18}},"18":{"start":{"line":41,"column":4},"end":{"line":43,"column":5}},"19":{"start":{"line":42,"column":6},"end":{"line":42,"column":19}},"20":{"start":{"line":45,"column":4},"end":{"line":45,"column":15}},"21":{"start":{"line":48,"column":27},"end":{"line":52,"column":3}},"22":{"start":{"line":50,"column":4},"end":{"line":50,"column":34}},"23":{"start":{"line":51,"column":4},"end":{"line":51,"column":25}},"24":{"start":{"line":54,"column":2},"end":{"line":67,"column":3}}},"fnMap":{"0":{"name":"InputForm","decl":{"start":{"line":5,"column":9},"end":{"line":5,"column":18}},"loc":{"start":{"line":5,"column":26},"end":{"line":68,"column":1}},"line":5},"1":{"name":"(anonymous_1)","decl":{"start":{"line":9,"column":12},"end":{"line":9,"column":13}},"loc":{"start":{"line":9,"column":18},"end":{"line":31,"column":3}},"line":9},"2":{"name":"(anonymous_2)","decl":{"start":{"line":32,"column":18},"end":{"line":32,"column":19}},"loc":{"start":{"line":32,"column":28},"end":{"line":46,"column":3}},"line":32},"3":{"name":"(anonymous_3)","decl":{"start":{"line":48,"column":27},"end":{"line":48,"column":28}},"loc":{"start":{"line":48,"column":37},"end":{"line":52,"column":3}},"line":48}},"branchMap":{"0":{"loc":{"start":{"line":10,"column":4},"end":{"line":30,"column":5}},"type":"if","locations":[{"start":{"line":10,"column":4},"end":{"line":30,"column":5}},{"start":{"line":16,"column":11},"end":{"line":30,"column":5}}],"line":10},"1":{"loc":{"start":{"line":11,"column":6},"end":{"line":15,"column":7}},"type":"if","locations":[{"start":{"line":11,"column":6},"end":{"line":15,"column":7}},{"start":{"line":13,"column":12},"end":{"line":15,"column":7}}],"line":11},"2":{"loc":{"start":{"line":17,"column":6},"end":{"line":29,"column":7}},"type":"if","locations":[{"start":{"line":17,"column":6},"end":{"line":29,"column":7}},{"start":{"line":23,"column":13},"end":{"line":29,"column":7}}],"line":17},"3":{"loc":{"start":{"line":18,"column":8},"end":{"line":22,"column":9}},"type":"if","locations":[{"start":{"line":18,"column":8},"end":{"line":22,"column":9}},{"start":{"line":20,"column":14},"end":{"line":22,"column":9}}],"line":18},"4":{"loc":{"start":{"line":24,"column":8},"end":{"line":28,"column":9}},"type":"if","locations":[{"start":{"line":24,"column":8},"end":{"line":28,"column":9}},{"start":{"line":26,"column":14},"end":{"line":28,"column":9}}],"line":24},"5":{"loc":{"start":{"line":33,"column":4},"end":{"line":35,"column":5}},"type":"if","locations":[{"start":{"line":33,"column":4},"end":{"line":35,"column":5}},{"start":{},"end":{}}],"line":33},"6":{"loc":{"start":{"line":37,"column":4},"end":{"line":39,"column":5}},"type":"if","locations":[{"start":{"line":37,"column":4},"end":{"line":39,"column":5}},{"start":{},"end":{}}],"line":37},"7":{"loc":{"start":{"line":37,"column":7},"end":{"line":37,"column":44}},"type":"binary-expr","locations":[{"start":{"line":37,"column":7},"end":{"line":37,"column":23}},{"start":{"line":37,"column":27},"end":{"line":37,"column":44}}],"line":37},"8":{"loc":{"start":{"line":41,"column":4},"end":{"line":43,"column":5}},"type":"if","locations":[{"start":{"line":41,"column":4},"end":{"line":43,"column":5}},{"start":{},"end":{}}],"line":41},"9":{"loc":{"start":{"line":41,"column":8},"end":{"line":41,"column":67}},"type":"binary-expr","locations":[{"start":{"line":41,"column":8},"end":{"line":41,"column":35}},{"start":{"line":41,"column":39},"end":{"line":41,"column":67}}],"line":41},"10":{"loc":{"start":{"line":59,"column":48},"end":{"line":59,"column":82}},"type":"cond-expr","locations":[{"start":{"line":59,"column":66},"end":{"line":59,"column":71}},{"start":{"line":59,"column":74},"end":{"line":59,"column":82}}],"line":59},"11":{"loc":{"start":{"line":63,"column":19},"end":{"line":63,"column":62}},"type":"binary-expr","locations":[{"start":{"line":63,"column":19},"end":{"line":63,"column":43}},{"start":{"line":63,"column":47},"end":{"line":63,"column":62}}],"line":63}},"s":{"0":46,"1":46,"2":31,"3":23,"4":1,"5":22,"6":8,"7":2,"8":0,"9":2,"10":6,"11":0,"12":6,"13":46,"14":5,"15":1,"16":4,"17":1,"18":3,"19":0,"20":3,"21":46,"22":5,"23":5,"24":46},"f":{"0":46,"1":31,"2":5,"3":5},"b":{"0":[23,8],"1":[1,22],"2":[2,6],"3":[0,2],"4":[0,6],"5":[1,4],"6":[1,3],"7":[4,4],"8":[0,3],"9":[3,0],"10":[0,46],"11":[46,46]},"_coverageSchema":"1a1c01bbd47fc00a2c39e90264f33305004495a9","hash":"c73cc39e554c7c26ff441bde3b00ad9c30136db4"}
,"C:\\Users\\pdkainth\\Documents\\College_work\\ECS193A\\Tread_Mobile\\testPages\\addPage.js": {"path":"C:\\Users\\pdkainth\\Documents\\College_work\\ECS193A\\Tread_Mobile\\testPages\\addPage.js","statementMap":{"0":{"start":{"line":13,"column":4},"end":{"line":67,"column":5}}},"fnMap":{"0":{"name":"AddPage","decl":{"start":{"line":11,"column":9},"end":{"line":11,"column":16}},"loc":{"start":{"line":11,"column":24},"end":{"line":68,"column":1}},"line":11}},"branchMap":{},"s":{"0":1},"f":{"0":1},"b":{},"_coverageSchema":"1a1c01bbd47fc00a2c39e90264f33305004495a9","hash":"469addcbaec3466a8f7bd7c2210e8dc1e2fd030c"}
,"C:\\Users\\pdkainth\\Documents\\College_work\\ECS193A\\Tread_Mobile\\testPages\\loginPage.js": {"path":"C:\\Users\\pdkainth\\Documents\\College_work\\ECS193A\\Tread_Mobile\\testPages\\loginPage.js","statementMap":{"0":{"start":{"line":15,"column":50},"end":{"line":15,"column":64}},"1":{"start":{"line":16,"column":48},"end":{"line":16,"column":62}},"2":{"start":{"line":18,"column":32},"end":{"line":18,"column":46}},"3":{"start":{"line":19,"column":32},"end":{"line":19,"column":47}},"4":{"start":{"line":21,"column":24},"end":{"line":21,"column":58}},"5":{"start":{"line":23,"column":2},"end":{"line":102,"column":3}}},"fnMap":{"0":{"name":"Login","decl":{"start":{"line":13,"column":9},"end":{"line":13,"column":14}},"loc":{"start":{"line":13,"column":36},"end":{"line":103,"column":1}},"line":13}},"branchMap":{"0":{"loc":{"start":{"line":25,"column":7},"end":{"line":99,"column":13}},"type":"cond-expr","locations":[{"start":{"line":26,"column":8},"end":{"line":48,"column":15}},{"start":{"line":51,"column":6},"end":{"line":99,"column":13}}],"line":25},"1":{"loc":{"start":{"line":25,"column":7},"end":{"line":25,"column":42}},"type":"binary-expr","locations":[{"start":{"line":25,"column":7},"end":{"line":25,"column":23}},{"start":{"line":25,"column":27},"end":{"line":25,"column":42}}],"line":25},"2":{"loc":{"start":{"line":33,"column":11},"end":{"line":45,"column":14}},"type":"cond-expr","locations":[{"start":{"line":34,"column":12},"end":{"line":34,"column":87}},{"start":{"line":36,"column":12},"end":{"line":45,"column":14}}],"line":33}},"s":{"0":1,"1":1,"2":1,"3":1,"4":1,"5":1},"f":{"0":1},"b":{"0":[1,0],"1":[1,0],"2":[1,0]},"_coverageSchema":"1a1c01bbd47fc00a2c39e90264f33305004495a9","hash":"a51394bb0b61abf2945c3b9bd8db63e6a0058954"}
,"C:\\Users\\pdkainth\\Documents\\College_work\\ECS193A\\Tread_Mobile\\testPages\\signupPage.js": {"path":"C:\\Users\\pdkainth\\Documents\\College_work\\ECS193A\\Tread_Mobile\\testPages\\signupPage.js","statementMap":{"0":{"start":{"line":23,"column":40},"end":{"line":23,"column":52}},"1":{"start":{"line":24,"column":34},"end":{"line":24,"column":46}},"2":{"start":{"line":26,"column":50},"end":{"line":26,"column":64}},"3":{"start":{"line":27,"column":44},"end":{"line":27,"column":58}},"4":{"start":{"line":29,"column":32},"end":{"line":29,"column":44}},"5":{"start":{"line":30,"column":42},"end":{"line":30,"column":56}},"6":{"start":{"line":31,"column":46},"end":{"line":31,"column":60}},"7":{"start":{"line":33,"column":2},"end":{"line":125,"column":3}},"8":{"start":{"line":81,"column":41},"end":{"line":81,"column":68}}},"fnMap":{"0":{"name":"Signup","decl":{"start":{"line":21,"column":9},"end":{"line":21,"column":15}},"loc":{"start":{"line":21,"column":73},"end":{"line":126,"column":1}},"line":21},"1":{"name":"(anonymous_1)","decl":{"start":{"line":81,"column":27},"end":{"line":81,"column":28}},"loc":{"start":{"line":81,"column":41},"end":{"line":81,"column":68}},"line":81}},"branchMap":{"0":{"loc":{"start":{"line":99,"column":33},"end":{"line":99,"column":139}},"type":"cond-expr","locations":[{"start":{"line":99,"column":86},"end":{"line":99,"column":110}},{"start":{"line":99,"column":113},"end":{"line":99,"column":139}}],"line":99},"1":{"loc":{"start":{"line":99,"column":33},"end":{"line":99,"column":84}},"type":"binary-expr","locations":[{"start":{"line":99,"column":33},"end":{"line":99,"column":46}},{"start":{"line":99,"column":50},"end":{"line":99,"column":66}},{"start":{"line":99,"column":70},"end":{"line":99,"column":84}}],"line":99},"2":{"loc":{"start":{"line":100,"column":19},"end":{"line":100,"column":70}},"type":"binary-expr","locations":[{"start":{"line":100,"column":19},"end":{"line":100,"column":32}},{"start":{"line":100,"column":36},"end":{"line":100,"column":52}},{"start":{"line":100,"column":56},"end":{"line":100,"column":70}}],"line":100}},"s":{"0":3,"1":3,"2":3,"3":3,"4":3,"5":3,"6":3,"7":3,"8":0},"f":{"0":3,"1":0},"b":{"0":[3,0],"1":[3,3,3],"2":[3,3,3]},"_coverageSchema":"1a1c01bbd47fc00a2c39e90264f33305004495a9","hash":"975324f3eadd45c21ad1fb1e54113202e2559e8e"}
}
