TN:
SF:css\add\home\Style.tsx
FNF:0
FNH:0
DA:3,1
LF:1
LH:1
BRF:0
BRH:0
end_of_record
TN:
SF:css\login\Style.tsx
FNF:0
FNH:0
DA:3,1
LF:1
LH:1
BRDA:5,0,0,1
BRDA:5,0,1,0
BRF:2
BRH:1
end_of_record
TN:
SF:css\shared\ImageUploadStyle.tsx
FNF:0
FNH:0
DA:3,1
LF:1
LH:1
BRF:0
BRH:0
end_of_record
TN:
SF:css\shared\InputFormStyle.tsx
FNF:0
FNH:0
DA:3,1
LF:1
LH:1
BRF:0
BRH:0
end_of_record
TN:
SF:testComps\add\addButton.js
FN:11,AddButton
FNF:1
FNH:1
FNDA:2,AddButton
DA:12,2
LF:1
LH:1
BRF:0
BRH:0
end_of_record
TN:
SF:testComps\login\loginButton.js
FN:18,LoginButton
FN:22,(anonymous_1)
FN:23,(anonymous_2)
FN:35,(anonymous_3)
FN:42,(anonymous_4)
FN:50,(anonymous_5)
FN:51,(anonymous_6)
FN:53,(anonymous_7)
FN:55,(anonymous_8)
FN:59,(anonymous_9)
FN:64,(anonymous_10)
FN:65,(anonymous_11)
FN:67,(anonymous_12)
FN:69,(anonymous_13)
FN:73,(anonymous_14)
FN:78,(anonymous_15)
FN:82,(anonymous_16)
FNF:17
FNH:9
FNDA:3,LoginButton
FNDA:3,(anonymous_1)
FNDA:3,(anonymous_2)
FNDA:0,(anonymous_3)
FNDA:1,(anonymous_4)
FNDA:0,(anonymous_5)
FNDA:0,(anonymous_6)
FNDA:0,(anonymous_7)
FNDA:0,(anonymous_8)
FNDA:0,(anonymous_9)
FNDA:1,(anonymous_10)
FNDA:1,(anonymous_11)
FNDA:1,(anonymous_12)
FNDA:0,(anonymous_13)
FNDA:0,(anonymous_14)
FNDA:1,(anonymous_15)
FNDA:1,(anonymous_16)
DA:20,3
DA:22,3
DA:23,3
DA:24,3
DA:25,3
DA:26,1
DA:27,1
DA:30,0
DA:35,3
DA:36,0
DA:37,0
DA:38,0
DA:42,3
DA:43,1
DA:50,3
DA:51,0
DA:52,0
DA:53,0
DA:54,0
DA:56,0
DA:60,0
DA:64,3
DA:65,1
DA:66,1
DA:67,1
DA:68,1
DA:70,0
DA:74,0
DA:78,3
DA:79,1
DA:82,3
DA:84,1
DA:85,1
DA:86,1
DA:99,3
LF:35
LH:23
BRDA:24,0,0,3
BRDA:24,0,1,0
BRDA:25,1,0,1
BRDA:25,1,1,2
BRDA:36,2,0,0
BRDA:36,2,1,0
BRDA:52,3,0,0
BRDA:52,3,1,0
BRDA:66,4,0,1
BRDA:66,4,1,0
BRDA:85,5,0,1
BRDA:85,5,1,0
BRDA:86,6,0,0
BRDA:86,6,1,1
BRDA:101,7,0,1
BRDA:101,7,1,2
BRDA:103,8,0,0
BRDA:103,8,1,3
BRDA:106,9,0,1
BRDA:106,9,1,2
BRF:20
BRH:11
end_of_record
TN:
SF:testComps\shared\ImageUpload.js
FN:5,ImageUpload
FN:8,(anonymous_1)
FNF:2
FNH:2
FNDA:4,ImageUpload
FNDA:2,(anonymous_1)
DA:6,4
DA:8,4
DA:9,2
DA:20,4
LF:4
LH:4
BRDA:12,0,0,0
BRDA:12,0,1,2
BRF:2
BRH:1
end_of_record
TN:
SF:testComps\shared\InputForm.js
FN:5,InputForm
FN:9,(anonymous_1)
FN:32,(anonymous_2)
FN:48,(anonymous_3)
FNF:4
FNH:4
FNDA:28,InputForm
FNDA:19,(anonymous_1)
FNDA:5,(anonymous_2)
FNDA:5,(anonymous_3)
DA:7,28
DA:9,28
DA:10,19
DA:11,11
DA:12,1
DA:14,10
DA:17,8
DA:18,2
DA:19,0
DA:21,2
DA:24,6
DA:25,0
DA:27,6
DA:32,28
DA:33,5
DA:34,1
DA:37,4
DA:38,1
DA:41,3
DA:42,0
DA:45,3
DA:48,28
DA:50,5
DA:51,5
DA:54,28
LF:25
LH:22
BRDA:10,0,0,11
BRDA:10,0,1,8
BRDA:11,1,0,1
BRDA:11,1,1,10
BRDA:17,2,0,2
BRDA:17,2,1,6
BRDA:18,3,0,0
BRDA:18,3,1,2
BRDA:24,4,0,0
BRDA:24,4,1,6
BRDA:33,5,0,1
BRDA:33,5,1,4
BRDA:37,6,0,1
BRDA:37,6,1,3
BRDA:37,7,0,4
BRDA:37,7,1,4
BRDA:41,8,0,0
BRDA:41,8,1,3
BRDA:41,9,0,3
BRDA:41,9,1,0
BRDA:59,10,0,0
BRDA:59,10,1,28
BRDA:63,11,0,28
BRDA:63,11,1,28
BRF:24
BRH:19
end_of_record
